<?xml version="1.0" encoding="UTF-8"?>
<testng-results ignored="0" total="1" passed="1" failed="0" skipped="0">
  <reporter-output>
  </reporter-output>
  <suite started-at="2018-11-28T09:09:30Z" name="Default suite" finished-at="2018-11-28T09:09:43Z" duration-ms="13165">
    <groups>
    </groups>
    <test started-at="2018-11-28T09:09:30Z" name="Default test" finished-at="2018-11-28T09:09:43Z" duration-ms="13165">
      <class name="webapp_seleniumtest.selenium_website.LoginPageTest">
        <test-method is-config="true" signature="launch()[pri:0, instance:webapp_seleniumtest.selenium_website.LoginPageTest@fa4c865]" started-at="2018-11-28T09:09:30Z" name="launch" finished-at="2018-11-28T09:09:42Z" duration-ms="12061" status="PASS">
          <reporter-output>
          </reporter-output>
        </test-method> <!-- launch -->
        <test-method signature="verifyLoginPage()[pri:0, instance:webapp_seleniumtest.selenium_website.LoginPageTest@fa4c865]" started-at="2018-11-28T09:09:42Z" name="verifyLoginPage" finished-at="2018-11-28T09:09:43Z" duration-ms="803" status="PASS">
          <reporter-output>
          </reporter-output>
        </test-method> <!-- verifyLoginPage -->
        <test-method is-config="true" signature="close()[pri:0, instance:webapp_seleniumtest.selenium_website.LoginPageTest@fa4c865]" started-at="2018-11-28T09:09:43Z" name="close" finished-at="2018-11-28T09:09:43Z" duration-ms="270" status="PASS">
          <reporter-output>
          </reporter-output>
        </test-method> <!-- close -->
      </class> <!-- webapp_seleniumtest.selenium_website.LoginPageTest -->
    </test> <!-- Default test -->
  </suite> <!-- Default suite -->
</testng-results>
